<?xml version="1.0" encoding="UTF-8"?>
<coverage generated="1490074364648" clover="3.2.0">
  <project timestamp="1490074364648" name="All files">
    <metrics statements="26" coveredstatements="20" conditionals="11" coveredconditionals="8" methods="11" coveredmethods="8" elements="48" coveredelements="36" complexity="0" loc="26" ncloc="26" packages="5" files="5" classes="5">
      <package name="actions.root">
        <metrics statements="4" coveredstatements="4" conditionals="0" coveredconditionals="0" methods="1" coveredmethods="1"/>
        <file name="root-actions.js" path="/Users/HalSmithStevens/Repos/PixelFusion/front-end-stack/client/js/actions/root/root-actions.js">
          <metrics statements="4" coveredstatements="4" conditionals="0" coveredconditionals="0" methods="1" coveredmethods="1"/>
          <line num="1" count="2" type="stmt"/>
          <line num="2" count="2" type="stmt"/>
          <line num="3" count="2" type="stmt"/>
          <line num="5" count="2" type="stmt"/>
        </file>
      </package>
      <package name="actions.root.ping">
        <metrics statements="4" coveredstatements="4" conditionals="0" coveredconditionals="0" methods="2" coveredmethods="2"/>
        <file name="ping-actions.js" path="/Users/HalSmithStevens/Repos/PixelFusion/front-end-stack/client/js/actions/root/ping/ping-actions.js">
          <metrics statements="4" coveredstatements="4" conditionals="0" coveredconditionals="0" methods="2" coveredmethods="2"/>
          <line num="1" count="2" type="stmt"/>
          <line num="2" count="2" type="stmt"/>
          <line num="4" count="2" type="stmt"/>
          <line num="5" count="2" type="stmt"/>
        </file>
      </package>
      <package name="components">
        <metrics statements="6" coveredstatements="4" conditionals="4" coveredconditionals="4" methods="3" coveredmethods="1"/>
        <file name="github-user-component.jsx" path="/Users/HalSmithStevens/Repos/PixelFusion/front-end-stack/client/js/components/github-user-component.jsx">
          <metrics statements="6" coveredstatements="4" conditionals="4" coveredconditionals="4" methods="3" coveredmethods="1"/>
          <line num="2" count="1" type="stmt"/>
          <line num="7" count="0" type="stmt"/>
          <line num="11" count="2" type="stmt"/>
          <line num="12" count="2" type="stmt"/>
          <line num="14" count="0" type="stmt"/>
          <line num="34" count="1" type="stmt"/>
        </file>
      </package>
      <package name="reducers.root">
        <metrics statements="7" coveredstatements="4" conditionals="4" coveredconditionals="2" methods="3" coveredmethods="2"/>
        <file name="root-reducers.js" path="/Users/HalSmithStevens/Repos/PixelFusion/front-end-stack/client/js/reducers/root/root-reducers.js">
          <metrics statements="7" coveredstatements="4" conditionals="4" coveredconditionals="2" methods="3" coveredmethods="2"/>
          <line num="7" count="1" type="stmt"/>
          <line num="13" count="1" type="stmt"/>
          <line num="15" count="1" type="stmt"/>
          <line num="17" count="0" type="stmt"/>
          <line num="19" count="0" type="stmt"/>
          <line num="24" count="1" type="stmt"/>
          <line num="30" count="0" type="stmt"/>
        </file>
      </package>
      <package name="reducers.root.ping">
        <metrics statements="5" coveredstatements="4" conditionals="3" coveredconditionals="2" methods="2" coveredmethods="2"/>
        <file name="ping-reducers.js" path="/Users/HalSmithStevens/Repos/PixelFusion/front-end-stack/client/js/reducers/root/ping/ping-reducers.js">
          <metrics statements="5" coveredstatements="4" conditionals="3" coveredconditionals="2" methods="2" coveredmethods="2"/>
          <line num="4" count="1" type="stmt"/>
          <line num="9" count="1" type="stmt"/>
          <line num="11" count="1" type="stmt"/>
          <line num="13" count="0" type="stmt"/>
          <line num="18" count="1" type="stmt"/>
        </file>
      </package>
    </metrics>
  </project>
</coverage>
