{"/Users/HalSmithStevens/Repos/PixelFusion/front-end-stack/client/js/actions/root/root-actions.js": {"path":"/Users/HalSmithStevens/Repos/PixelFusion/front-end-stack/client/js/actions/root/root-actions.js","statementMap":{"0":{"start":{"line":1,"column":31},"end":{"line":1,"column":54}},"1":{"start":{"line":2,"column":39},"end":{"line":2,"column":70}},"2":{"start":{"line":3,"column":39},"end":{"line":3,"column":70}},"3":{"start":{"line":5,"column":29},"end":{"line":8,"column":2}},"4":{"start":{"line":5,"column":42},"end":{"line":8,"column":1}}},"fnMap":{"0":{"name":"(anonymous_0)","decl":{"start":{"line":5,"column":29},"end":{"line":5,"column":30}},"loc":{"start":{"line":5,"column":42},"end":{"line":8,"column":1}}}},"branchMap":{},"s":{"0":2,"1":2,"2":2,"3":2,"4":1},"f":{"0":1},"b":{},"_coverageSchema":"332fd63041d2c1bcb487cc26dd0d5f7d97098a6c","hash":"85867d629f72116a8054dc5e9430a767d08ee8ac"}
,"/Users/HalSmithStevens/Repos/PixelFusion/front-end-stack/client/js/actions/root/ping/ping-actions.js": {"path":"/Users/HalSmithStevens/Repos/PixelFusion/front-end-stack/client/js/actions/root/ping/ping-actions.js","statementMap":{"0":{"start":{"line":1,"column":20},"end":{"line":1,"column":26}},"1":{"start":{"line":2,"column":20},"end":{"line":2,"column":26}},"2":{"start":{"line":4,"column":20},"end":{"line":4,"column":42}},"3":{"start":{"line":4,"column":27},"end":{"line":4,"column":41}},"4":{"start":{"line":5,"column":20},"end":{"line":5,"column":42}},"5":{"start":{"line":5,"column":27},"end":{"line":5,"column":41}}},"fnMap":{"0":{"name":"(anonymous_0)","decl":{"start":{"line":4,"column":20},"end":{"line":4,"column":21}},"loc":{"start":{"line":4,"column":27},"end":{"line":4,"column":41}}},"1":{"name":"(anonymous_1)","decl":{"start":{"line":5,"column":20},"end":{"line":5,"column":21}},"loc":{"start":{"line":5,"column":27},"end":{"line":5,"column":41}}}},"branchMap":{},"s":{"0":2,"1":2,"2":2,"3":1,"4":2,"5":1},"f":{"0":1,"1":1},"b":{},"_coverageSchema":"332fd63041d2c1bcb487cc26dd0d5f7d97098a6c","hash":"6f7f656b7c8621d8281fb425505c6ceea728bca0"}
,"/Users/HalSmithStevens/Repos/PixelFusion/front-end-stack/client/js/components/github-user-component.jsx": {"path":"/Users/HalSmithStevens/Repos/PixelFusion/front-end-stack/client/js/components/github-user-component.jsx","statementMap":{"0":{"start":{"line":2,"column":18},"end":{"line":2,"column":33}},"1":{"start":{"line":7,"column":8},"end":{"line":7,"column":55}},"2":{"start":{"line":11,"column":32},"end":{"line":11,"column":42}},"3":{"start":{"line":12,"column":8},"end":{"line":30,"column":10}},"4":{"start":{"line":14,"column":61},"end":{"line":14,"column":84}},"5":{"start":{"line":34,"column":0},"end":{"line":38,"column":2}}},"fnMap":{"0":{"name":"(anonymous_0)","decl":{"start":{"line":6,"column":4},"end":{"line":6,"column":5}},"loc":{"start":{"line":6,"column":14},"end":{"line":8,"column":5}}},"1":{"name":"(anonymous_1)","decl":{"start":{"line":10,"column":4},"end":{"line":10,"column":5}},"loc":{"start":{"line":10,"column":13},"end":{"line":31,"column":5}}},"2":{"name":"(anonymous_2)","decl":{"start":{"line":14,"column":48},"end":{"line":14,"column":49}},"loc":{"start":{"line":14,"column":59},"end":{"line":14,"column":86}}}},"branchMap":{"0":{"loc":{"start":{"line":16,"column":18},"end":{"line":21,"column":26}},"type":"binary-expr","locations":[{"start":{"line":16,"column":18},"end":{"line":16,"column":22}},{"start":{"line":17,"column":20},"end":{"line":21,"column":26}}]},"1":{"loc":{"start":{"line":23,"column":18},"end":{"line":27,"column":26}},"type":"binary-expr","locations":[{"start":{"line":23,"column":18},"end":{"line":23,"column":23}},{"start":{"line":24,"column":20},"end":{"line":27,"column":26}}]}},"s":{"0":1,"1":0,"2":2,"3":2,"4":0,"5":1},"f":{"0":0,"1":2,"2":0},"b":{"0":[2,1],"1":[2,1]},"_coverageSchema":"332fd63041d2c1bcb487cc26dd0d5f7d97098a6c","hash":"a11aac9a9ecfa7ca13511990e38526873cd0e260"}
,"/Users/HalSmithStevens/Repos/PixelFusion/front-end-stack/client/js/reducers/root/root-reducers.js": {"path":"/Users/HalSmithStevens/Repos/PixelFusion/front-end-stack/client/js/reducers/root/root-reducers.js","statementMap":{"0":{"start":{"line":7,"column":29},"end":{"line":10,"column":2}},"1":{"start":{"line":13,"column":4},"end":{"line":20,"column":5}},"2":{"start":{"line":15,"column":12},"end":{"line":15,"column":55}},"3":{"start":{"line":17,"column":12},"end":{"line":17,"column":55}},"4":{"start":{"line":19,"column":12},"end":{"line":19,"column":25}},"5":{"start":{"line":24,"column":4},"end":{"line":26,"column":32}},"6":{"start":{"line":30,"column":4},"end":{"line":32,"column":31}}},"fnMap":{"0":{"name":"(anonymous_0)","decl":{"start":{"line":12,"column":15},"end":{"line":12,"column":16}},"loc":{"start":{"line":12,"column":50},"end":{"line":21,"column":1}}},"1":{"name":"getGitHubUserSuccess","decl":{"start":{"line":23,"column":9},"end":{"line":23,"column":29}},"loc":{"start":{"line":23,"column":45},"end":{"line":27,"column":1}}},"2":{"name":"getGitHubUserFailure","decl":{"start":{"line":29,"column":9},"end":{"line":29,"column":29}},"loc":{"start":{"line":29,"column":45},"end":{"line":33,"column":1}}}},"branchMap":{"0":{"loc":{"start":{"line":12,"column":16},"end":{"line":12,"column":37}},"type":"default-arg","locations":[{"start":{"line":12,"column":24},"end":{"line":12,"column":37}}]},"1":{"loc":{"start":{"line":13,"column":4},"end":{"line":20,"column":5}},"type":"switch","locations":[{"start":{"line":14,"column":8},"end":{"line":15,"column":55}},{"start":{"line":16,"column":8},"end":{"line":17,"column":55}},{"start":{"line":18,"column":8},"end":{"line":19,"column":25}}]}},"s":{"0":1,"1":1,"2":1,"3":0,"4":0,"5":1,"6":0},"f":{"0":1,"1":1,"2":0},"b":{"0":[1],"1":[1,0,0]},"_coverageSchema":"332fd63041d2c1bcb487cc26dd0d5f7d97098a6c","hash":"75ed31634ff836a2a1bf41c858d8fd6dd90b2646"}
,"/Users/HalSmithStevens/Repos/PixelFusion/front-end-stack/client/js/reducers/root/ping/ping-reducers.js": {"path":"/Users/HalSmithStevens/Repos/PixelFusion/front-end-stack/client/js/reducers/root/ping/ping-reducers.js","statementMap":{"0":{"start":{"line":4,"column":29},"end":{"line":6,"column":2}},"1":{"start":{"line":9,"column":4},"end":{"line":14,"column":5}},"2":{"start":{"line":11,"column":12},"end":{"line":11,"column":31}},"3":{"start":{"line":13,"column":12},"end":{"line":13,"column":25}},"4":{"start":{"line":18,"column":4},"end":{"line":18,"column":37}}},"fnMap":{"0":{"name":"(anonymous_0)","decl":{"start":{"line":8,"column":15},"end":{"line":8,"column":16}},"loc":{"start":{"line":8,"column":50},"end":{"line":15,"column":1}}},"1":{"name":"pong","decl":{"start":{"line":17,"column":9},"end":{"line":17,"column":13}},"loc":{"start":{"line":17,"column":21},"end":{"line":19,"column":1}}}},"branchMap":{"0":{"loc":{"start":{"line":8,"column":16},"end":{"line":8,"column":37}},"type":"default-arg","locations":[{"start":{"line":8,"column":24},"end":{"line":8,"column":37}}]},"1":{"loc":{"start":{"line":9,"column":4},"end":{"line":14,"column":5}},"type":"switch","locations":[{"start":{"line":10,"column":8},"end":{"line":11,"column":31}},{"start":{"line":12,"column":8},"end":{"line":13,"column":25}}]}},"s":{"0":1,"1":1,"2":1,"3":0,"4":1},"f":{"0":1,"1":1},"b":{"0":[1],"1":[1,0]},"_coverageSchema":"332fd63041d2c1bcb487cc26dd0d5f7d97098a6c","hash":"c8f1333e58edc389d698947960e48aca8757ccf4"}
}
