TN:
SF:/Users/HalSmithStevens/Repos/PixelFusion/front-end-stack/client/js/actions/root/root-actions.js
FN:5,(anonymous_0)
FNF:1
FNH:1
FNDA:1,(anonymous_0)
DA:1,2
DA:2,2
DA:3,2
DA:5,2
LF:4
LH:4
BRF:0
BRH:0
end_of_record
TN:
SF:/Users/HalSmithStevens/Repos/PixelFusion/front-end-stack/client/js/actions/root/ping/ping-actions.js
FN:4,(anonymous_0)
FN:5,(anonymous_1)
FNF:2
FNH:2
FNDA:1,(anonymous_0)
FNDA:1,(anonymous_1)
DA:1,2
DA:2,2
DA:4,2
DA:5,2
LF:4
LH:4
BRF:0
BRH:0
end_of_record
TN:
SF:/Users/HalSmithStevens/Repos/PixelFusion/front-end-stack/client/js/components/github-user-component.jsx
FN:6,(anonymous_0)
FN:10,(anonymous_1)
FN:14,(anonymous_2)
FNF:3
FNH:1
FNDA:0,(anonymous_0)
FNDA:2,(anonymous_1)
FNDA:0,(anonymous_2)
DA:2,1
DA:7,0
DA:11,2
DA:12,2
DA:14,0
DA:34,1
LF:6
LH:4
BRDA:16,0,0,2
BRDA:16,0,1,1
BRDA:23,1,0,2
BRDA:23,1,1,1
BRF:4
BRH:4
end_of_record
TN:
SF:/Users/HalSmithStevens/Repos/PixelFusion/front-end-stack/client/js/reducers/root/root-reducers.js
FN:12,(anonymous_0)
FN:23,getGitHubUserSuccess
FN:29,getGitHubUserFailure
FNF:3
FNH:2
FNDA:1,(anonymous_0)
FNDA:1,getGitHubUserSuccess
FNDA:0,getGitHubUserFailure
DA:7,1
DA:13,1
DA:15,1
DA:17,0
DA:19,0
DA:24,1
DA:30,0
LF:7
LH:4
BRDA:12,0,0,1
BRDA:13,1,0,1
BRDA:13,1,1,0
BRDA:13,1,2,0
BRF:4
BRH:2
end_of_record
TN:
SF:/Users/HalSmithStevens/Repos/PixelFusion/front-end-stack/client/js/reducers/root/ping/ping-reducers.js
FN:8,(anonymous_0)
FN:17,pong
FNF:2
FNH:2
FNDA:1,(anonymous_0)
FNDA:1,pong
DA:4,1
DA:9,1
DA:11,1
DA:13,0
DA:18,1
LF:5
LH:4
BRDA:8,0,0,1
BRDA:9,1,0,1
BRDA:9,1,1,0
BRF:3
BRH:2
end_of_record
